# JRE version: OpenJDK Runtime Environment (20.0.2+9) (build 20.0.2+9-78)
# Java VM: OpenJDK 64-Bit Server VM (20.0.2+9-78, mixed mode, sharing, tiered, compressed oops, compressed class ptrs, g1 gc, windows-amd64)
GC Precious Log:
 CardTable entry size: 512
 Card Set container configuration: InlinePtr #cards 5 size 8 Array Of Cards #cards 12 size 40 Howl #buckets 4 coarsen threshold 1843 Howl Bitmap #cards 512 size 80 coarsen threshold 460 Card regions per heap region 1 cards per card region 2048
 CPUs: 4 total, 4 available
 Memory: 4017M
 Large Page Support: Disabled
 NUMA Support: Disabled
 Compressed Oops: Enabled (32-bit)
 Heap Region Size: 1M
 Heap Min Capacity: 8M
 Heap Initial Capacity: 64M
 Heap Max Capacity: 1006M
 Pre-touch: Disabled
 Parallel Workers: 4
 Concurrent Workers: 1
 Concurrent Refinement Workers: 4
 Periodic GC: Disabled
Heap:
 garbage-first heap   total 364544K, used 322560K [0x00000000c1200000, 0x0000000100000000)
  region size 1024K, 4 young (4096K), 4 survivors (4096K)
 Metaspace       used 15380K, committed 15680K, reserved 1114112K
  class space    used 1733K, committed 1856K, reserved 1048576K
GC Heap History (20 events):
Event: 14.706 GC heap after
{Heap after GC invocations=16 (full 0):
 garbage-first heap   total 197632K, used 132608K [0x00000000c1200000, 0x0000000100000000)
  region size 1024K, 4 young (4096K), 4 survivors (4096K)
 Metaspace       used 15118K, committed 15296K, reserved 1114112K
  class space    used 1707K, committed 1792K, reserved 1048576K
}
Event: 14.985 GC heap before
{Heap before GC invocations=16 (full 0):
 garbage-first heap   total 197632K, used 153088K [0x00000000c1200000, 0x0000000100000000)
  region size 1024K, 24 young (24576K), 4 survivors (4096K)
 Metaspace       used 15368K, committed 15616K, reserved 1114112K
  class space    used 1733K, committed 1856K, reserved 1048576K
}
Event: 15.013 GC heap after
{Heap after GC invocations=17 (full 0):
 garbage-first heap   total 197632K, used 145408K [0x00000000c1200000, 0x0000000100000000)
  region size 1024K, 3 young (3072K), 3 survivors (3072K)
 Metaspace       used 15368K, committed 15616K, reserved 1114112K
  class space    used 1733K, committed 1856K, reserved 1048576K
}
Event: 15.082 GC heap before
{Heap before GC invocations=17 (full 0):
 garbage-first heap   total 197632K, used 161792K [0x00000000c1200000, 0x0000000100000000)
  region size 1024K, 19 young (19456K), 3 survivors (3072K)
 Metaspace       used 15368K, committed 15616K, reserved 1114112K
  class space    used 1733K, committed 1856K, reserved 1048576K
}
Event: 15.105 GC heap after
{Heap after GC invocations=18 (full 0):
 garbage-first heap   total 197632K, used 155648K [0x00000000c1200000, 0x0000000100000000)
  region size 1024K, 3 young (3072K), 3 survivors (3072K)
 Metaspace       used 15368K, committed 15616K, reserved 1114112K
  class space    used 1733K, committed 1856K, reserved 1048576K
}
Event: 15.180 GC heap before
{Heap before GC invocations=18 (full 0):
 garbage-first heap   total 197632K, used 168960K [0x00000000c1200000, 0x0000000100000000)
  region size 1024K, 16 young (16384K), 3 survivors (3072K)
 Metaspace       used 15368K, committed 15616K, reserved 1114112K
  class space    used 1733K, committed 1856K, reserved 1048576K
}
Event: 15.198 GC heap after
{Heap after GC invocations=19 (full 0):
 garbage-first heap   total 197632K, used 164352K [0x00000000c1200000, 0x0000000100000000)
  region size 1024K, 2 young (2048K), 2 survivors (2048K)
 Metaspace       used 15368K, committed 15616K, reserved 1114112K
  class space    used 1733K, committed 1856K, reserved 1048576K
}
Event: 15.555 GC heap before
{Heap before GC invocations=19 (full 0):
 garbage-first heap   total 197632K, used 175616K [0x00000000c1200000, 0x0000000100000000)
  region size 1024K, 13 young (13312K), 2 survivors (2048K)
 Metaspace       used 15368K, committed 15616K, reserved 1114112K
  class space    used 1733K, committed 1856K, reserved 1048576K
}
Event: 15.569 GC heap after
{Heap after GC invocations=20 (full 0):
 garbage-first heap   total 364544K, used 172032K [0x00000000c1200000, 0x0000000100000000)
  region size 1024K, 2 young (2048K), 2 survivors (2048K)
 Metaspace       used 15368K, committed 15616K, reserved 1114112K
  class space    used 1733K, committed 1856K, reserved 1048576K
}
Event: 16.288 GC heap before
{Heap before GC invocations=21 (full 0):
 garbage-first heap   total 364544K, used 236544K [0x00000000c1200000, 0x0000000100000000)
  region size 1024K, 67 young (68608K), 2 survivors (2048K)
 Metaspace       used 15369K, committed 15616K, reserved 1114112K
  class space    used 1733K, committed 1856K, reserved 1048576K
}
Event: 16.396 GC heap after
{Heap after GC invocations=22 (full 0):
 garbage-first heap   total 364544K, used 212480K [0x00000000c1200000, 0x0000000100000000)
  region size 1024K, 9 young (9216K), 9 survivors (9216K)
 Metaspace       used 15369K, committed 15616K, reserved 1114112K
  class space    used 1733K, committed 1856K, reserved 1048576K
}
Event: 17.003 GC heap before
{Heap before GC invocations=22 (full 0):
 garbage-first heap   total 364544K, used 264704K [0x00000000c1200000, 0x0000000100000000)
  region size 1024K, 60 young (61440K), 9 survivors (9216K)
 Metaspace       used 15380K, committed 15680K, reserved 1114112K
  class space    used 1733K, committed 1856K, reserved 1048576K
}
Event: 17.112 GC heap after
{Heap after GC invocations=23 (full 0):
 garbage-first heap   total 364544K, used 242176K [0x00000000c1200000, 0x0000000100000000)
  region size 1024K, 8 young (8192K), 8 survivors (8192K)
 Metaspace       used 15380K, committed 15680K, reserved 1114112K
  class space    used 1733K, committed 1856K, reserved 1048576K
}
Event: 17.823 GC heap before
{Heap before GC invocations=23 (full 0):
 garbage-first heap   total 364544K, used 286208K [0x00000000c1200000, 0x0000000100000000)
  region size 1024K, 51 young (52224K), 8 survivors (8192K)
 Metaspace       used 15380K, committed 15680K, reserved 1114112K
  class space    used 1733K, committed 1856K, reserved 1048576K
}
Event: 17.862 GC heap after
{Heap after GC invocations=24 (full 0):
 garbage-first heap   total 364544K, used 269312K [0x00000000c1200000, 0x0000000100000000)
  region size 1024K, 7 young (7168K), 7 survivors (7168K)
 Metaspace       used 15380K, committed 15680K, reserved 1114112K
  class space    used 1733K, committed 1856K, reserved 1048576K
}
Event: 18.224 GC heap before
{Heap before GC invocations=24 (full 0):
 garbage-first heap   total 364544K, used 306176K [0x00000000c1200000, 0x0000000100000000)
  region size 1024K, 42 young (43008K), 7 survivors (7168K)
 Metaspace       used 15380K, committed 15680K, reserved 1114112K
  class space    used 1733K, committed 1856K, reserved 1048576K
}
Event: 18.262 GC heap after
{Heap after GC invocations=25 (full 0):
 garbage-first heap   total 364544K, used 291328K [0x00000000c1200000, 0x0000000100000000)
  region size 1024K, 6 young (6144K), 6 survivors (6144K)
 Metaspace       used 15380K, committed 15680K, reserved 1114112K
  class space    used 1733K, committed 1856K, reserved 1048576K
}
Event: 18.381 GC heap before
{Heap before GC invocations=25 (full 0):
 garbage-first heap   total 364544K, used 320000K [0x00000000c1200000, 0x0000000100000000)
  region size 1024K, 34 young (34816K), 6 survivors (6144K)
 Metaspace       used 15380K, committed 15680K, reserved 1114112K
  class space    used 1733K, committed 1856K, reserved 1048576K
}
Event: 18.400 GC heap after
{Heap after GC invocations=26 (full 0):
 garbage-first heap   total 364544K, used 309248K [0x00000000c1200000, 0x0000000100000000)
  region size 1024K, 5 young (5120K), 5 survivors (5120K)
 Metaspace       used 15380K, committed 15680K, reserved 1114112K
  class space    used 1733K, committed 1856K, reserved 1048576K
}
Event: 18.511 GC heap before
{Heap before GC invocations=26 (full 0):
 garbage-first heap   total 364544K, used 330752K [0x00000000c1200000, 0x0000000100000000)
  region size 1024K, 26 young (26624K), 5 survivors (5120K)
 Metaspace       used 15380K, committed 15680K, reserved 1114112K
  class space    used 1733K, committed 1856K, reserved 1048576K
}

